<?xml version="1.0" encoding="UTF-8"?>
<!-- Generated by org.testng.reporters.JUnitXMLReporter -->
<testsuite ignored="0" hostname="Kittu" failures="1" tests="2" name="Default test" time="32.964" errors="0" timestamp="2023-10-05T07:39:20 IST">
  <testcase classname="Opencart_Test.Order_placement" name="AddToCart" time="3.078"/>
  <testcase classname="Opencart_Test.Order_placement" name="CheckingOutProduct" time="17.886">
    <failure type="org.openqa.selenium.UnhandledAlertException" message="unexpected alert open: {Alert text : SyntaxError: Unexpected token &amp;apos;&amp;lt;&amp;apos;, &amp;quot;&amp;lt;b&amp;gt;Warning&amp;quot;... is not valid JSON
OK
&amp;lt;b&amp;gt;Warning&amp;lt;/b&amp;gt;: mail(): Failed to connect to mailserver at &amp;amp;quot;localhost&amp;amp;quot; port 25, verify your &amp;amp;quot;SMTP&amp;amp;quot; and &amp;amp;quot;smtp_port&amp;amp;quot; setting in php.ini or use ini_set() in &amp;lt;b&amp;gt;C:\xampp\htdocs\opencart\upload\system\library\mail\mail.php&amp;lt;/b&amp;gt; on line &amp;lt;b&amp;gt;77&amp;lt;/b&amp;gt;&amp;lt;b&amp;gt;Warning&amp;lt;/b&amp;gt;: mail(): Failed to connect to mailserver at &amp;amp;quot;localhost&amp;amp;quot; port 25, verify your &amp;amp;quot;SMTP&amp;amp;quot; and &amp;amp;quot;smtp_port&amp;amp;quot; setting in php.ini or use ini_set() in &amp;lt;b&amp;gt;C:\xampp\htdocs\opencart\upload\system\library\mail\mail.php&amp;lt;/b&amp;gt; on line &amp;lt;b&amp;gt;77&amp;lt;/b&amp;gt;{&amp;quot;redirect&amp;quot;:&amp;quot;http:\/\/localhost\/opencart\/upload\/index.php?route=checkout\/success&amp;quot;}}
  (Session info: chrome=117.0.5938.92): SyntaxError: Unexpected token &amp;apos;&amp;lt;&amp;apos;, &amp;quot;&amp;lt;b&amp;gt;Warning&amp;quot;... is not valid JSON
OK
&amp;lt;b&amp;gt;Warning&amp;lt;/b&amp;gt;: mail(): Failed to connect to mailserver at &amp;amp;quot;localhost&amp;amp;quot; port 25, verify your &amp;amp;quot;SMTP&amp;amp;quot; and &amp;amp;quot;smtp_port&amp;amp;quot; setting in php.ini or use ini_set() in &amp;lt;b&amp;gt;C:\xampp\htdocs\opencart\upload\system\library\mail\mail.php&amp;lt;/b&amp;gt; on line &amp;lt;b&amp;gt;77&amp;lt;/b&amp;gt;&amp;lt;b&amp;gt;Warning&amp;lt;/b&amp;gt;: mail(): Failed to connect to mailserver at &amp;amp;quot;localhost&amp;amp;quot; port 25, verify your &amp;amp;quot;SMTP&amp;amp;quot; and &amp;amp;quot;smtp_port&amp;amp;quot; setting in php.ini or use ini_set() in &amp;lt;b&amp;gt;C:\xampp\htdocs\opencart\upload\system\library\mail\mail.php&amp;lt;/b&amp;gt; on line &amp;lt;b&amp;gt;77&amp;lt;/b&amp;gt;{&amp;quot;redirect&amp;quot;:&amp;quot;http:\/\/localhost\/opencart\/upload\/index.php?route=checkout\/success&amp;quot;}
Build info: version: &amp;apos;3.141.59&amp;apos;, revision: &amp;apos;e82be7d358&amp;apos;, time: &amp;apos;2018-11-14T08:17:03&amp;apos;
System info: host: &amp;apos;KITTU&amp;apos;, ip: &amp;apos;192.168.10.37&amp;apos;, os.name: &amp;apos;Windows 11&amp;apos;, os.arch: &amp;apos;amd64&amp;apos;, os.version: &amp;apos;10.0&amp;apos;, java.version: &amp;apos;19.0.1&amp;apos;
Driver info: org.openqa.selenium.chrome.ChromeDriver
Capabilities {acceptInsecureCerts: false, browserName: chrome, browserVersion: 117.0.5938.92, chrome: {chromedriverVersion: 117.0.5938.88 (be6afae47212..., userDataDir: C:\Users\91728\AppData\Loca...}, fedcm:accounts: true, goog:chromeOptions: {debuggerAddress: localhost:61743}, javascriptEnabled: true, networkConnectionEnabled: false, pageLoadStrategy: normal, platform: WINDOWS, platformName: WINDOWS, proxy: Proxy(), setWindowRect: true, strictFileInteractability: false, timeouts: {implicit: 0, pageLoad: 300000, script: 30000}, unhandledPromptBehavior: dismiss and notify, webauthn:extension:credBlob: true, webauthn:extension:largeBlob: true, webauthn:extension:minPinLength: true, webauthn:extension:prf: true, webauthn:virtualAuthenticators: true}
Session ID: b78c22d92cae8d673984d4fb8c43cebe
*** Element info: {Using=css selector, value=input#button-confirm}">
      <![CDATA[org.openqa.selenium.UnhandledAlertException: unexpected alert open: {Alert text : SyntaxError: Unexpected token '<', "<b>Warning"... is not valid JSON
OK
<b>Warning</b>: mail(): Failed to connect to mailserver at &quot;localhost&quot; port 25, verify your &quot;SMTP&quot; and &quot;smtp_port&quot; setting in php.ini or use ini_set() in <b>C:\xampp\htdocs\opencart\upload\system\library\mail\mail.php</b> on line <b>77</b><b>Warning</b>: mail(): Failed to connect to mailserver at &quot;localhost&quot; port 25, verify your &quot;SMTP&quot; and &quot;smtp_port&quot; setting in php.ini or use ini_set() in <b>C:\xampp\htdocs\opencart\upload\system\library\mail\mail.php</b> on line <b>77</b>{"redirect":"http:\/\/localhost\/opencart\/upload\/index.php?route=checkout\/success"}}
  (Session info: chrome=117.0.5938.92): SyntaxError: Unexpected token '<', "<b>Warning"... is not valid JSON
OK
<b>Warning</b>: mail(): Failed to connect to mailserver at &quot;localhost&quot; port 25, verify your &quot;SMTP&quot; and &quot;smtp_port&quot; setting in php.ini or use ini_set() in <b>C:\xampp\htdocs\opencart\upload\system\library\mail\mail.php</b> on line <b>77</b><b>Warning</b>: mail(): Failed to connect to mailserver at &quot;localhost&quot; port 25, verify your &quot;SMTP&quot; and &quot;smtp_port&quot; setting in php.ini or use ini_set() in <b>C:\xampp\htdocs\opencart\upload\system\library\mail\mail.php</b> on line <b>77</b>{"redirect":"http:\/\/localhost\/opencart\/upload\/index.php?route=checkout\/success"}
Build info: version: '3.141.59', revision: 'e82be7d358', time: '2018-11-14T08:17:03'
System info: host: 'KITTU', ip: '192.168.10.37', os.name: 'Windows 11', os.arch: 'amd64', os.version: '10.0', java.version: '19.0.1'
Driver info: org.openqa.selenium.chrome.ChromeDriver
Capabilities {acceptInsecureCerts: false, browserName: chrome, browserVersion: 117.0.5938.92, chrome: {chromedriverVersion: 117.0.5938.88 (be6afae47212..., userDataDir: C:\Users\91728\AppData\Loca...}, fedcm:accounts: true, goog:chromeOptions: {debuggerAddress: localhost:61743}, javascriptEnabled: true, networkConnectionEnabled: false, pageLoadStrategy: normal, platform: WINDOWS, platformName: WINDOWS, proxy: Proxy(), setWindowRect: true, strictFileInteractability: false, timeouts: {implicit: 0, pageLoad: 300000, script: 30000}, unhandledPromptBehavior: dismiss and notify, webauthn:extension:credBlob: true, webauthn:extension:largeBlob: true, webauthn:extension:minPinLength: true, webauthn:extension:prf: true, webauthn:virtualAuthenticators: true}
Session ID: b78c22d92cae8d673984d4fb8c43cebe
*** Element info: {Using=css selector, value=input#button-confirm}
at org.openqa.selenium.remote.http.W3CHttpResponseCodec.decode(W3CHttpResponseCodec.java:120)
at org.openqa.selenium.remote.http.W3CHttpResponseCodec.decode(W3CHttpResponseCodec.java:49)
at org.openqa.selenium.remote.HttpCommandExecutor.execute(HttpCommandExecutor.java:158)
at org.openqa.selenium.remote.service.DriverCommandExecutor.execute(DriverCommandExecutor.java:83)
at org.openqa.selenium.remote.RemoteWebDriver.execute(RemoteWebDriver.java:552)
at org.openqa.selenium.remote.RemoteWebDriver.findElement(RemoteWebDriver.java:323)
at org.openqa.selenium.remote.RemoteWebDriver.findElementByCssSelector(RemoteWebDriver.java:420)
at org.openqa.selenium.By$ByCssSelector.findElement(By.java:431)
at org.openqa.selenium.remote.RemoteWebDriver.findElement(RemoteWebDriver.java:315)
at Page_Objects.Order_placement_page.getConfirmBtn(Order_placement_page.java:96)
at Opencart_Test.Order_placement.CheckingOutProduct(Order_placement.java:138)
at java.base/jdk.internal.reflect.DirectMethodHandleAccessor.invoke(DirectMethodHandleAccessor.java:104)
at java.base/java.lang.reflect.Method.invoke(Method.java:578)
at org.testng.internal.MethodInvocationHelper.invokeMethod(MethodInvocationHelper.java:133)
at org.testng.internal.TestInvoker.invokeMethod(TestInvoker.java:598)
at org.testng.internal.TestInvoker.invokeTestMethod(TestInvoker.java:173)
at org.testng.internal.MethodRunner.runInSequence(MethodRunner.java:46)
at org.testng.internal.TestInvoker$MethodInvocationAgent.invoke(TestInvoker.java:824)
at org.testng.internal.TestInvoker.invokeTestMethods(TestInvoker.java:146)
at org.testng.internal.TestMethodWorker.invokeTestMethods(TestMethodWorker.java:146)
at org.testng.internal.TestMethodWorker.run(TestMethodWorker.java:128)
at java.base/java.util.ArrayList.forEach(ArrayList.java:1511)
at org.testng.TestRunner.privateRun(TestRunner.java:794)
at org.testng.TestRunner.run(TestRunner.java:596)
at org.testng.SuiteRunner.runTest(SuiteRunner.java:377)
at org.testng.SuiteRunner.runSequentially(SuiteRunner.java:371)
at org.testng.SuiteRunner.privateRun(SuiteRunner.java:332)
at org.testng.SuiteRunner.run(SuiteRunner.java:276)
at org.testng.SuiteRunnerWorker.runSuite(SuiteRunnerWorker.java:53)
at org.testng.SuiteRunnerWorker.run(SuiteRunnerWorker.java:96)
at org.testng.TestNG.runSuitesSequentially(TestNG.java:1212)
at org.testng.TestNG.runSuitesLocally(TestNG.java:1134)
at org.testng.TestNG.runSuites(TestNG.java:1063)
at org.testng.TestNG.run(TestNG.java:1031)
at org.testng.remote.AbstractRemoteTestNG.run(AbstractRemoteTestNG.java:115)
at org.testng.remote.RemoteTestNG.initAndRun(RemoteTestNG.java:251)
at org.testng.remote.RemoteTestNG.main(RemoteTestNG.java:77)
]]>
    </failure>
  </testcase> <!-- CheckingOutProduct -->
</testsuite> <!-- Default test -->
