<!DOCTYPE html PUBLIC "-//W3C//DTD XHTML 1.1//EN" "https://www.w3.org/TR/xhtml11/DTD/xhtml11.dtd">
<html xmlns="https://www.w3.org/1999/xhtml">
<head>
<meta http-equiv="content-type" content="text/html; charset=UTF-8"/>
<title>TestNG Report</title>
<style type="text/css">table {margin-bottom:10px;border-collapse:collapse;empty-cells:show}th,td {border:1px solid #009;padding:.25em .5em}th {vertical-align:bottom}td {vertical-align:top}table a {font-weight:bold}.stripe td {background-color: #E6EBF9}.num {text-align:right}.passedodd td {background-color: #3F3}.passedeven td {background-color: #0A0}.skippedodd td {background-color: #DDD}.skippedeven td {background-color: #CCC}.failedodd td,.attn {background-color: #F33}.failedeven td,.stripe .attn {background-color: #D00}.stacktrace {white-space:pre;font-family:monospace}.totop {font-size:85%;text-align:center;border-bottom:2px solid #000}.invisible {display:none}</style>
</head>
<body>
<table>
<tr><th>Test</th><th># Passed</th><th># Skipped</th><th># Retried</th><th># Failed</th><th>Time (ms)</th><th>Included Groups</th><th>Excluded Groups</th></tr>
<tr><th colspan="8">Suite</th></tr>
<tr><td><a href="#t0">Registration_page_Validation</a></td><td class="num">11</td><td class="num">0</td><td class="num">0</td><td class="num">0</td><td class="num">112,412</td><td></td><td></td></tr>
<tr class="stripe"><td><a href="#t1">LogIn_page_Validation</a></td><td class="num">7</td><td class="num">0</td><td class="num">0</td><td class="num attn">2</td><td class="num">55,073</td><td></td><td></td></tr>
<tr><td><a href="#t2">LogOut_page_Validation</a></td><td class="num">2</td><td class="num">0</td><td class="num">0</td><td class="num">0</td><td class="num">14,230</td><td></td><td></td></tr>
<tr class="stripe"><td><a href="#t3">MyAccount_Features_Validation</a></td><td class="num">9</td><td class="num">0</td><td class="num">0</td><td class="num attn">2</td><td class="num">29,197</td><td></td><td></td></tr>
<tr><td><a href="#t4">EndtoEnd_Validation</a></td><td class="num">4</td><td class="num">0</td><td class="num">0</td><td class="num">0</td><td class="num">24,754</td><td></td><td></td></tr>
<tr class="stripe"><td><a href="#t5">Order_Placement</a></td><td class="num">1</td><td class="num">0</td><td class="num">0</td><td class="num attn">1</td><td class="num">31,194</td><td></td><td></td></tr>
<tr><th>Total</th><th class="num">34</th><th class="num">0</th><th class="num">0</th><th class="num attn">5</th><th class="num">266,860</th><th colspan="2"></th></tr>
</table>
<table id='summary'><thead><tr><th>Class</th><th>Method</th><th>Start</th><th>Time (ms)</th></tr></thead><tbody><tr><th colspan="4">Suite</th></tr></tbody><tbody id="t0"><tr><th colspan="4">Registration_page_Validation &#8212; passed</th></tr><tr class="passedeven"><td rowspan="11">Opencart_Test.Validate_Registration_page</td><td><a href="#m0">Registration</a></td><td rowspan="1">1696478213670</td><td rowspan="1">9123</td></tr><tr class="passedeven"><td><a href="#m1">Registration_2</a></td><td rowspan="1">1696478229000</td><td rowspan="1">8793</td></tr><tr class="passedeven"><td><a href="#m2">Registration_3</a></td><td rowspan="1">1696478237798</td><td rowspan="1">8868</td></tr><tr class="passedeven"><td><a href="#m3">Registration_Home</a></td><td rowspan="1">1696478300248</td><td rowspan="1">7145</td></tr><tr class="passedeven"><td><a href="#m4">Registration_Login</a></td><td rowspan="1">1696478307395</td><td rowspan="1">7155</td></tr><tr class="passedeven"><td><a href="#m5">Registration_PasswordLength</a></td><td rowspan="1">1696478267480</td><td rowspan="1">8041</td></tr><tr class="passedeven"><td><a href="#m6">Registration_Policy</a></td><td rowspan="1">1696478275526</td><td rowspan="1">8949</td></tr><tr class="passedeven"><td><a href="#m7">Registration_Telephone</a></td><td rowspan="1">1696478284478</td><td rowspan="1">15767</td></tr><tr class="passedeven"><td><a href="#m8">Registration_With_Incorrectpassword</a></td><td rowspan="1">1696478259389</td><td rowspan="1">8087</td></tr><tr class="passedeven"><td><a href="#m9">Registration_With_InvalidData</a></td><td rowspan="1">1696478246669</td><td rowspan="1">12717</td></tr><tr class="passedeven"><td><a href="#m10">Registration_with_NoData</a></td><td rowspan="1">1696478222807</td><td rowspan="1">6190</td></tr></tbody>
<tbody id="t1"><tr><th colspan="4">LogIn_page_Validation &#8212; failed</th></tr><tr class="failedeven"><td rowspan="2">Opencart_Test.Validate_Login_page</td><td><a href="#m11">ForgorPassword_Back</a></td><td rowspan="1">1696478375060</td><td rowspan="1">2486</td></tr><tr class="failedeven"><td><a href="#m12">ForgotPassword</a></td><td rowspan="1">1696478353314</td><td rowspan="1">2642</td></tr><tr><th colspan="4">LogIn_page_Validation &#8212; passed</th></tr><tr class="passedeven"><td rowspan="7">Opencart_Test.Validate_Login_page</td><td><a href="#m13">ForgorPassword_email</a></td><td rowspan="1">1696478356273</td><td rowspan="1">2469</td></tr><tr class="passedeven"><td><a href="#m14">ForgorPassword_email_check</a></td><td rowspan="1">1696478358745</td><td rowspan="1">9226</td></tr><tr class="passedeven"><td><a href="#m15">ForgorPassword_email_invalidData</a></td><td rowspan="1">1696478367974</td><td rowspan="1">7084</td></tr><tr class="passedeven"><td><a href="#m16">Login</a></td><td rowspan="1">1696478327892</td><td rowspan="1">5953</td></tr><tr class="passedeven"><td><a href="#m17">Login_With_NoData</a></td><td rowspan="1">1696478333849</td><td rowspan="1">9012</td></tr><tr class="passedeven"><td><a href="#m18">Login_with_Invalid_data</a></td><td rowspan="1">1696478348100</td><td rowspan="1">5211</td></tr><tr class="passedeven"><td><a href="#m19">Login_without_password</a></td><td rowspan="1">1696478342865</td><td rowspan="1">5233</td></tr></tbody>
<tbody id="t2"><tr><th colspan="4">LogOut_page_Validation &#8212; passed</th></tr><tr class="passedeven"><td rowspan="2">Opencart_Test.Validate_LogOut_page</td><td><a href="#m20">Logout_1</a></td><td rowspan="1">1696478379742</td><td rowspan="1">5941</td></tr><tr class="passedeven"><td><a href="#m21">Logout_2</a></td><td rowspan="1">1696478385685</td><td rowspan="1">6376</td></tr></tbody>
<tbody id="t3"><tr><th colspan="4">MyAccount_Features_Validation &#8212; failed</th></tr><tr class="failedeven"><td rowspan="2">Opencart_Test.Validate_MyAccountFeatures</td><td><a href="#m22">Back_button_Test</a></td><td rowspan="1">1696478420376</td><td rowspan="1">16</td></tr><tr class="failedeven"><td><a href="#m23">Delete_address</a></td><td rowspan="1">1696478419372</td><td rowspan="1">780</td></tr><tr><th colspan="4">MyAccount_Features_Validation &#8212; passed</th></tr><tr class="passedeven"><td rowspan="9">Opencart_Test.Validate_MyAccountFeatures</td><td><a href="#m24">ADDing_New_address</a></td><td rowspan="1">1696478414532</td><td rowspan="1">2555</td></tr><tr class="passedeven"><td><a href="#m25">Back_Button</a></td><td rowspan="1">1696478403515</td><td rowspan="1">3394</td></tr><tr class="passedeven"><td><a href="#m26">Details_update</a></td><td rowspan="1">1696478397109</td><td rowspan="1">6404</td></tr><tr class="passedeven"><td><a href="#m27">InvalidPassword</a></td><td rowspan="1">1696478408855</td><td rowspan="1">1751</td></tr><tr class="passedeven"><td><a href="#m28">MyAccount</a></td><td rowspan="1">1696478413721</td><td rowspan="1">808</td></tr><tr class="passedeven"><td><a href="#m29">PasswordLength</a></td><td rowspan="1">1696478410610</td><td rowspan="1">1828</td></tr><tr class="passedeven"><td><a href="#m30">Password_3</a></td><td rowspan="1">1696478412441</td><td rowspan="1">1275</td></tr><tr class="passedeven"><td><a href="#m31">Password_update</a></td><td rowspan="1">1696478406911</td><td rowspan="1">1940</td></tr><tr class="passedeven"><td><a href="#m32">Update_address</a></td><td rowspan="1">1696478417089</td><td rowspan="1">2279</td></tr></tbody>
<tbody id="t4"><tr><th colspan="4">EndtoEnd_Validation &#8212; passed</th></tr><tr class="passedeven"><td rowspan="4">Opencart_Test.End_to_End_Registration_Login_Logout</td><td><a href="#m33">LoginEtoE</a></td><td rowspan="1">1696478434364</td><td rowspan="1">5422</td></tr><tr class="passedeven"><td><a href="#m34">LogoutEtoE</a></td><td rowspan="1">1696478431253</td><td rowspan="1">3107</td></tr><tr class="passedeven"><td><a href="#m35">LogoutEtoE2</a></td><td rowspan="1">1696478439789</td><td rowspan="1">3100</td></tr><tr class="passedeven"><td><a href="#m36">RegistrationEtoE</a></td><td rowspan="1">1696478422949</td><td rowspan="1">8302</td></tr></tbody>
<tbody id="t5"><tr><th colspan="4">Order_Placement &#8212; failed</th></tr><tr class="failedeven"><td rowspan="1">Opencart_Test.Order_placement</td><td><a href="#m37">CheckingOutProduct</a></td><td rowspan="1">1696478455999</td><td rowspan="1">17834</td></tr><tr><th colspan="4">Order_Placement &#8212; passed</th></tr><tr class="passedeven"><td rowspan="1">Opencart_Test.Order_placement</td><td><a href="#m38">AddToCart</a></td><td rowspan="1">1696478453042</td><td rowspan="1">2955</td></tr></tbody>
</table>
<h2>Registration_page_Validation</h2><h3 id="m0">Opencart_Test.Validate_Registration_page#Registration</h3><table class="result"><tr><th class="invisible"/></tr></table><p class="totop"><a href="#summary">back to summary</a></p>
<h3 id="m1">Opencart_Test.Validate_Registration_page#Registration_2</h3><table class="result"><tr><th class="invisible"/></tr></table><p class="totop"><a href="#summary">back to summary</a></p>
<h3 id="m2">Opencart_Test.Validate_Registration_page#Registration_3</h3><table class="result"><tr><th class="invisible"/></tr></table><p class="totop"><a href="#summary">back to summary</a></p>
<h3 id="m3">Opencart_Test.Validate_Registration_page#Registration_Home</h3><table class="result"><tr><th class="invisible"/></tr></table><p class="totop"><a href="#summary">back to summary</a></p>
<h3 id="m4">Opencart_Test.Validate_Registration_page#Registration_Login</h3><table class="result"><tr><th class="invisible"/></tr></table><p class="totop"><a href="#summary">back to summary</a></p>
<h3 id="m5">Opencart_Test.Validate_Registration_page#Registration_PasswordLength</h3><table class="result"><tr><th class="invisible"/></tr></table><p class="totop"><a href="#summary">back to summary</a></p>
<h3 id="m6">Opencart_Test.Validate_Registration_page#Registration_Policy</h3><table class="result"><tr><th class="invisible"/></tr></table><p class="totop"><a href="#summary">back to summary</a></p>
<h3 id="m7">Opencart_Test.Validate_Registration_page#Registration_Telephone</h3><table class="result"><tr><th class="invisible"/></tr></table><p class="totop"><a href="#summary">back to summary</a></p>
<h3 id="m8">Opencart_Test.Validate_Registration_page#Registration_With_Incorrectpassword</h3><table class="result"><tr><th class="invisible"/></tr></table><p class="totop"><a href="#summary">back to summary</a></p>
<h3 id="m9">Opencart_Test.Validate_Registration_page#Registration_With_InvalidData</h3><table class="result"><tr><th class="invisible"/></tr></table><p class="totop"><a href="#summary">back to summary</a></p>
<h3 id="m10">Opencart_Test.Validate_Registration_page#Registration_with_NoData</h3><table class="result"><tr><th class="invisible"/></tr></table><p class="totop"><a href="#summary">back to summary</a></p>
<h2>LogIn_page_Validation</h2><h3 id="m11">Opencart_Test.Validate_Login_page#ForgorPassword_Back</h3><table class="result"><tr><th>Exception</th></tr><tr><td><div class="stacktrace">org.openqa.selenium.NoSuchElementException: no such element: Unable to locate element: {&quot;method&quot;:&quot;link text&quot;,&quot;selector&quot;:&quot;Back&quot;}
  (Session info: chrome=117.0.5938.92)
For documentation on this error, please visit: https://www.seleniumhq.org/exceptions/no_such_element.html
Build info: version: &apos;3.141.59&apos;, revision: &apos;e82be7d358&apos;, time: &apos;2018-11-14T08:17:03&apos;
System info: host: &apos;KITTU&apos;, ip: &apos;192.168.10.37&apos;, os.name: &apos;Windows 11&apos;, os.arch: &apos;amd64&apos;, os.version: &apos;10.0&apos;, java.version: &apos;19.0.1&apos;
Driver info: org.openqa.selenium.chrome.ChromeDriver
Capabilities {acceptInsecureCerts: false, browserName: chrome, browserVersion: 117.0.5938.92, chrome: {chromedriverVersion: 117.0.5938.88 (be6afae47212..., userDataDir: C:\Users\91728\AppData\Loca...}, fedcm:accounts: true, goog:chromeOptions: {debuggerAddress: localhost:55280}, javascriptEnabled: true, networkConnectionEnabled: false, pageLoadStrategy: normal, platform: WINDOWS, platformName: WINDOWS, proxy: Proxy(), setWindowRect: true, strictFileInteractability: false, timeouts: {implicit: 0, pageLoad: 300000, script: 30000}, unhandledPromptBehavior: dismiss and notify, webauthn:extension:credBlob: true, webauthn:extension:largeBlob: true, webauthn:extension:minPinLength: true, webauthn:extension:prf: true, webauthn:virtualAuthenticators: true}
Session ID: 6379ece36fa72d209d7ae65ab997c6e8
*** Element info: {Using=link text, value=Back}
	at org.openqa.selenium.remote.http.W3CHttpResponseCodec.createException(W3CHttpResponseCodec.java:187)
	at org.openqa.selenium.remote.http.W3CHttpResponseCodec.decode(W3CHttpResponseCodec.java:122)
	at org.openqa.selenium.remote.http.W3CHttpResponseCodec.decode(W3CHttpResponseCodec.java:49)
	at org.openqa.selenium.remote.HttpCommandExecutor.execute(HttpCommandExecutor.java:158)
	at org.openqa.selenium.remote.service.DriverCommandExecutor.execute(DriverCommandExecutor.java:83)
	at org.openqa.selenium.remote.RemoteWebDriver.execute(RemoteWebDriver.java:552)
	at org.openqa.selenium.remote.RemoteWebDriver.findElement(RemoteWebDriver.java:323)
	at org.openqa.selenium.remote.RemoteWebDriver.findElementByLinkText(RemoteWebDriver.java:380)
	at org.openqa.selenium.By$ByLinkText.findElement(By.java:220)
	at org.openqa.selenium.remote.RemoteWebDriver.findElement(RemoteWebDriver.java:315)
	at Page_Objects.Login_page.getBackBtn(Login_page.java:50)
	at Opencart_Test.Validate_Login_page.ForgorPassword_Back(Validate_Login_page.java:287)
	at java.base/java.util.ArrayList.forEach(ArrayList.java:1511)
... Removed 28 stack frames</div></td></tr></table><p class="totop"><a href="#summary">back to summary</a></p>
<h3 id="m12">Opencart_Test.Validate_Login_page#ForgotPassword</h3><table class="result"><tr><th>Exception</th></tr><tr><td><div class="stacktrace">org.openqa.selenium.NoSuchElementException: no such element: Unable to locate element: {&quot;method&quot;:&quot;css selector&quot;,&quot;selector&quot;:&quot;.list-inline  ul &gt; li:nth-of-type(5) &gt; a&quot;}
  (Session info: chrome=117.0.5938.92)
For documentation on this error, please visit: https://www.seleniumhq.org/exceptions/no_such_element.html
Build info: version: &apos;3.141.59&apos;, revision: &apos;e82be7d358&apos;, time: &apos;2018-11-14T08:17:03&apos;
System info: host: &apos;KITTU&apos;, ip: &apos;192.168.10.37&apos;, os.name: &apos;Windows 11&apos;, os.arch: &apos;amd64&apos;, os.version: &apos;10.0&apos;, java.version: &apos;19.0.1&apos;
Driver info: org.openqa.selenium.chrome.ChromeDriver
Capabilities {acceptInsecureCerts: false, browserName: chrome, browserVersion: 117.0.5938.92, chrome: {chromedriverVersion: 117.0.5938.88 (be6afae47212..., userDataDir: C:\Users\91728\AppData\Loca...}, fedcm:accounts: true, goog:chromeOptions: {debuggerAddress: localhost:55280}, javascriptEnabled: true, networkConnectionEnabled: false, pageLoadStrategy: normal, platform: WINDOWS, platformName: WINDOWS, proxy: Proxy(), setWindowRect: true, strictFileInteractability: false, timeouts: {implicit: 0, pageLoad: 300000, script: 30000}, unhandledPromptBehavior: dismiss and notify, webauthn:extension:credBlob: true, webauthn:extension:largeBlob: true, webauthn:extension:minPinLength: true, webauthn:extension:prf: true, webauthn:virtualAuthenticators: true}
Session ID: 6379ece36fa72d209d7ae65ab997c6e8
*** Element info: {Using=css selector, value=.list-inline  ul &gt; li:nth-of-type(5) &gt; a}
	at org.openqa.selenium.remote.http.W3CHttpResponseCodec.createException(W3CHttpResponseCodec.java:187)
	at org.openqa.selenium.remote.http.W3CHttpResponseCodec.decode(W3CHttpResponseCodec.java:122)
	at org.openqa.selenium.remote.http.W3CHttpResponseCodec.decode(W3CHttpResponseCodec.java:49)
	at org.openqa.selenium.remote.HttpCommandExecutor.execute(HttpCommandExecutor.java:158)
	at org.openqa.selenium.remote.service.DriverCommandExecutor.execute(DriverCommandExecutor.java:83)
	at org.openqa.selenium.remote.RemoteWebDriver.execute(RemoteWebDriver.java:552)
	at org.openqa.selenium.remote.RemoteWebDriver.findElement(RemoteWebDriver.java:323)
	at org.openqa.selenium.remote.RemoteWebDriver.findElementByCssSelector(RemoteWebDriver.java:420)
	at org.openqa.selenium.By$ByCssSelector.findElement(By.java:431)
	at org.openqa.selenium.remote.RemoteWebDriver.findElement(RemoteWebDriver.java:315)
	at Page_Objects.Logout_page.getLogoutBtn(Logout_page.java:22)
	at Opencart_Test.Validate_Login_page.ForgotPassword(Validate_Login_page.java:199)
	at java.base/java.util.ArrayList.forEach(ArrayList.java:1511)
... Removed 28 stack frames</div></td></tr></table><p class="totop"><a href="#summary">back to summary</a></p>
<h3 id="m13">Opencart_Test.Validate_Login_page#ForgorPassword_email</h3><table class="result"><tr><th class="invisible"/></tr></table><p class="totop"><a href="#summary">back to summary</a></p>
<h3 id="m14">Opencart_Test.Validate_Login_page#ForgorPassword_email_check</h3><table class="result"><tr><th class="invisible"/></tr></table><p class="totop"><a href="#summary">back to summary</a></p>
<h3 id="m15">Opencart_Test.Validate_Login_page#ForgorPassword_email_invalidData</h3><table class="result"><tr><th class="invisible"/></tr></table><p class="totop"><a href="#summary">back to summary</a></p>
<h3 id="m16">Opencart_Test.Validate_Login_page#Login</h3><table class="result"><tr><th class="invisible"/></tr></table><p class="totop"><a href="#summary">back to summary</a></p>
<h3 id="m17">Opencart_Test.Validate_Login_page#Login_With_NoData</h3><table class="result"><tr><th class="invisible"/></tr></table><p class="totop"><a href="#summary">back to summary</a></p>
<h3 id="m18">Opencart_Test.Validate_Login_page#Login_with_Invalid_data</h3><table class="result"><tr><th class="invisible"/></tr></table><p class="totop"><a href="#summary">back to summary</a></p>
<h3 id="m19">Opencart_Test.Validate_Login_page#Login_without_password</h3><table class="result"><tr><th class="invisible"/></tr></table><p class="totop"><a href="#summary">back to summary</a></p>
<h2>LogOut_page_Validation</h2><h3 id="m20">Opencart_Test.Validate_LogOut_page#Logout_1</h3><table class="result"><tr><th class="invisible"/></tr></table><p class="totop"><a href="#summary">back to summary</a></p>
<h3 id="m21">Opencart_Test.Validate_LogOut_page#Logout_2</h3><table class="result"><tr><th class="invisible"/></tr></table><p class="totop"><a href="#summary">back to summary</a></p>
<h2>MyAccount_Features_Validation</h2><h3 id="m22">Opencart_Test.Validate_MyAccountFeatures#Back_button_Test</h3><table class="result"><tr><th>Exception</th></tr><tr><td><div class="stacktrace">org.openqa.selenium.NoSuchElementException: no such element: Unable to locate element: {&quot;method&quot;:&quot;css selector&quot;,&quot;selector&quot;:&quot;div#content &gt; ul:nth-of-type(1) &gt; li:nth-of-type(3) &gt; a&quot;}
  (Session info: chrome=117.0.5938.92)
For documentation on this error, please visit: https://www.seleniumhq.org/exceptions/no_such_element.html
Build info: version: &apos;3.141.59&apos;, revision: &apos;e82be7d358&apos;, time: &apos;2018-11-14T08:17:03&apos;
System info: host: &apos;KITTU&apos;, ip: &apos;192.168.10.37&apos;, os.name: &apos;Windows 11&apos;, os.arch: &apos;amd64&apos;, os.version: &apos;10.0&apos;, java.version: &apos;19.0.1&apos;
Driver info: org.openqa.selenium.chrome.ChromeDriver
Capabilities {acceptInsecureCerts: false, browserName: chrome, browserVersion: 117.0.5938.92, chrome: {chromedriverVersion: 117.0.5938.88 (be6afae47212..., userDataDir: C:\Users\91728\AppData\Loca...}, fedcm:accounts: true, goog:chromeOptions: {debuggerAddress: localhost:55397}, javascriptEnabled: true, networkConnectionEnabled: false, pageLoadStrategy: normal, platform: WINDOWS, platformName: WINDOWS, proxy: Proxy(), setWindowRect: true, strictFileInteractability: false, timeouts: {implicit: 0, pageLoad: 300000, script: 30000}, unhandledPromptBehavior: dismiss and notify, webauthn:extension:credBlob: true, webauthn:extension:largeBlob: true, webauthn:extension:minPinLength: true, webauthn:extension:prf: true, webauthn:virtualAuthenticators: true}
Session ID: 1da80daf078b1357c2209e5db34d49c8
*** Element info: {Using=css selector, value=div#content &gt; ul:nth-of-type(1) &gt; li:nth-of-type(3) &gt; a}
	at org.openqa.selenium.remote.http.W3CHttpResponseCodec.createException(W3CHttpResponseCodec.java:187)
	at org.openqa.selenium.remote.http.W3CHttpResponseCodec.decode(W3CHttpResponseCodec.java:122)
	at org.openqa.selenium.remote.http.W3CHttpResponseCodec.decode(W3CHttpResponseCodec.java:49)
	at org.openqa.selenium.remote.HttpCommandExecutor.execute(HttpCommandExecutor.java:158)
	at org.openqa.selenium.remote.service.DriverCommandExecutor.execute(DriverCommandExecutor.java:83)
	at org.openqa.selenium.remote.RemoteWebDriver.execute(RemoteWebDriver.java:552)
	at org.openqa.selenium.remote.RemoteWebDriver.findElement(RemoteWebDriver.java:323)
	at org.openqa.selenium.remote.RemoteWebDriver.findElementByCssSelector(RemoteWebDriver.java:420)
	at org.openqa.selenium.By$ByCssSelector.findElement(By.java:431)
	at org.openqa.selenium.remote.RemoteWebDriver.findElement(RemoteWebDriver.java:315)
	at Page_Objects.MyAccount_page.getAddressBook(MyAccount_page.java:62)
	at Opencart_Test.Validate_MyAccountFeatures.Back_button_Test(Validate_MyAccountFeatures.java:327)
	at java.base/java.util.ArrayList.forEach(ArrayList.java:1511)
... Removed 28 stack frames</div></td></tr></table><p class="totop"><a href="#summary">back to summary</a></p>
<h3 id="m23">Opencart_Test.Validate_MyAccountFeatures#Delete_address</h3><table class="result"><tr><th>Exception</th></tr><tr><td><div class="stacktrace">org.openqa.selenium.NoSuchElementException: no such element: Unable to locate element: {&quot;method&quot;:&quot;css selector&quot;,&quot;selector&quot;:&quot;div#account-address &gt; .alert.alert-dismissible.alert-success&quot;}
  (Session info: chrome=117.0.5938.92)
For documentation on this error, please visit: https://www.seleniumhq.org/exceptions/no_such_element.html
Build info: version: &apos;3.141.59&apos;, revision: &apos;e82be7d358&apos;, time: &apos;2018-11-14T08:17:03&apos;
System info: host: &apos;KITTU&apos;, ip: &apos;192.168.10.37&apos;, os.name: &apos;Windows 11&apos;, os.arch: &apos;amd64&apos;, os.version: &apos;10.0&apos;, java.version: &apos;19.0.1&apos;
Driver info: org.openqa.selenium.chrome.ChromeDriver
Capabilities {acceptInsecureCerts: false, browserName: chrome, browserVersion: 117.0.5938.92, chrome: {chromedriverVersion: 117.0.5938.88 (be6afae47212..., userDataDir: C:\Users\91728\AppData\Loca...}, fedcm:accounts: true, goog:chromeOptions: {debuggerAddress: localhost:55397}, javascriptEnabled: true, networkConnectionEnabled: false, pageLoadStrategy: normal, platform: WINDOWS, platformName: WINDOWS, proxy: Proxy(), setWindowRect: true, strictFileInteractability: false, timeouts: {implicit: 0, pageLoad: 300000, script: 30000}, unhandledPromptBehavior: dismiss and notify, webauthn:extension:credBlob: true, webauthn:extension:largeBlob: true, webauthn:extension:minPinLength: true, webauthn:extension:prf: true, webauthn:virtualAuthenticators: true}
Session ID: 1da80daf078b1357c2209e5db34d49c8
*** Element info: {Using=css selector, value=div#account-address &gt; .alert.alert-dismissible.alert-success}
	at org.openqa.selenium.remote.http.W3CHttpResponseCodec.createException(W3CHttpResponseCodec.java:187)
	at org.openqa.selenium.remote.http.W3CHttpResponseCodec.decode(W3CHttpResponseCodec.java:122)
	at org.openqa.selenium.remote.http.W3CHttpResponseCodec.decode(W3CHttpResponseCodec.java:49)
	at org.openqa.selenium.remote.HttpCommandExecutor.execute(HttpCommandExecutor.java:158)
	at org.openqa.selenium.remote.service.DriverCommandExecutor.execute(DriverCommandExecutor.java:83)
	at org.openqa.selenium.remote.RemoteWebDriver.execute(RemoteWebDriver.java:552)
	at org.openqa.selenium.remote.RemoteWebDriver.findElement(RemoteWebDriver.java:323)
	at org.openqa.selenium.remote.RemoteWebDriver.findElementByCssSelector(RemoteWebDriver.java:420)
	at org.openqa.selenium.By$ByCssSelector.findElement(By.java:431)
	at org.openqa.selenium.remote.RemoteWebDriver.findElement(RemoteWebDriver.java:315)
	at Page_Objects.MyAccount_page.getBsucessmessage(MyAccount_page.java:150)
	at Opencart_Test.Validate_MyAccountFeatures.Delete_address(Validate_MyAccountFeatures.java:310)
	at java.base/java.util.ArrayList.forEach(ArrayList.java:1511)
... Removed 28 stack frames</div></td></tr></table><p class="totop"><a href="#summary">back to summary</a></p>
<h3 id="m24">Opencart_Test.Validate_MyAccountFeatures#ADDing_New_address</h3><table class="result"><tr><th class="invisible"/></tr></table><p class="totop"><a href="#summary">back to summary</a></p>
<h3 id="m25">Opencart_Test.Validate_MyAccountFeatures#Back_Button</h3><table class="result"><tr><th class="invisible"/></tr></table><p class="totop"><a href="#summary">back to summary</a></p>
<h3 id="m26">Opencart_Test.Validate_MyAccountFeatures#Details_update</h3><table class="result"><tr><th class="invisible"/></tr></table><p class="totop"><a href="#summary">back to summary</a></p>
<h3 id="m27">Opencart_Test.Validate_MyAccountFeatures#InvalidPassword</h3><table class="result"><tr><th class="invisible"/></tr></table><p class="totop"><a href="#summary">back to summary</a></p>
<h3 id="m28">Opencart_Test.Validate_MyAccountFeatures#MyAccount</h3><table class="result"><tr><th class="invisible"/></tr></table><p class="totop"><a href="#summary">back to summary</a></p>
<h3 id="m29">Opencart_Test.Validate_MyAccountFeatures#PasswordLength</h3><table class="result"><tr><th class="invisible"/></tr></table><p class="totop"><a href="#summary">back to summary</a></p>
<h3 id="m30">Opencart_Test.Validate_MyAccountFeatures#Password_3</h3><table class="result"><tr><th class="invisible"/></tr></table><p class="totop"><a href="#summary">back to summary</a></p>
<h3 id="m31">Opencart_Test.Validate_MyAccountFeatures#Password_update</h3><table class="result"><tr><th class="invisible"/></tr></table><p class="totop"><a href="#summary">back to summary</a></p>
<h3 id="m32">Opencart_Test.Validate_MyAccountFeatures#Update_address</h3><table class="result"><tr><th class="invisible"/></tr></table><p class="totop"><a href="#summary">back to summary</a></p>
<h2>EndtoEnd_Validation</h2><h3 id="m33">Opencart_Test.End_to_End_Registration_Login_Logout#LoginEtoE</h3><table class="result"><tr><th class="invisible"/></tr></table><p class="totop"><a href="#summary">back to summary</a></p>
<h3 id="m34">Opencart_Test.End_to_End_Registration_Login_Logout#LogoutEtoE</h3><table class="result"><tr><th class="invisible"/></tr></table><p class="totop"><a href="#summary">back to summary</a></p>
<h3 id="m35">Opencart_Test.End_to_End_Registration_Login_Logout#LogoutEtoE2</h3><table class="result"><tr><th class="invisible"/></tr></table><p class="totop"><a href="#summary">back to summary</a></p>
<h3 id="m36">Opencart_Test.End_to_End_Registration_Login_Logout#RegistrationEtoE</h3><table class="result"><tr><th class="invisible"/></tr></table><p class="totop"><a href="#summary">back to summary</a></p>
<h2>Order_Placement</h2><h3 id="m37">Opencart_Test.Order_placement#CheckingOutProduct</h3><table class="result"><tr><th>Exception</th></tr><tr><td><div class="stacktrace">org.openqa.selenium.UnhandledAlertException: unexpected alert open: {Alert text : SyntaxError: Unexpected token &apos;&lt;&apos;, &quot;&lt;b&gt;Warning&quot;... is not valid JSON
OK
&lt;b&gt;Warning&lt;/b&gt;: mail(): Failed to connect to mailserver at &amp;quot;localhost&amp;quot; port 25, verify your &amp;quot;SMTP&amp;quot; and &amp;quot;smtp_port&amp;quot; setting in php.ini or use ini_set() in &lt;b&gt;C:\xampp\htdocs\opencart\upload\system\library\mail\mail.php&lt;/b&gt; on line &lt;b&gt;77&lt;/b&gt;&lt;b&gt;Warning&lt;/b&gt;: mail(): Failed to connect to mailserver at &amp;quot;localhost&amp;quot; port 25, verify your &amp;quot;SMTP&amp;quot; and &amp;quot;smtp_port&amp;quot; setting in php.ini or use ini_set() in &lt;b&gt;C:\xampp\htdocs\opencart\upload\system\library\mail\mail.php&lt;/b&gt; on line &lt;b&gt;77&lt;/b&gt;{&quot;redirect&quot;:&quot;http:\/\/localhost\/opencart\/upload\/index.php?route=checkout\/success&quot;}}
  (Session info: chrome=117.0.5938.92): SyntaxError: Unexpected token &apos;&lt;&apos;, &quot;&lt;b&gt;Warning&quot;... is not valid JSON
OK
&lt;b&gt;Warning&lt;/b&gt;: mail(): Failed to connect to mailserver at &amp;quot;localhost&amp;quot; port 25, verify your &amp;quot;SMTP&amp;quot; and &amp;quot;smtp_port&amp;quot; setting in php.ini or use ini_set() in &lt;b&gt;C:\xampp\htdocs\opencart\upload\system\library\mail\mail.php&lt;/b&gt; on line &lt;b&gt;77&lt;/b&gt;&lt;b&gt;Warning&lt;/b&gt;: mail(): Failed to connect to mailserver at &amp;quot;localhost&amp;quot; port 25, verify your &amp;quot;SMTP&amp;quot; and &amp;quot;smtp_port&amp;quot; setting in php.ini or use ini_set() in &lt;b&gt;C:\xampp\htdocs\opencart\upload\system\library\mail\mail.php&lt;/b&gt; on line &lt;b&gt;77&lt;/b&gt;{&quot;redirect&quot;:&quot;http:\/\/localhost\/opencart\/upload\/index.php?route=checkout\/success&quot;}
Build info: version: &apos;3.141.59&apos;, revision: &apos;e82be7d358&apos;, time: &apos;2018-11-14T08:17:03&apos;
System info: host: &apos;KITTU&apos;, ip: &apos;192.168.10.37&apos;, os.name: &apos;Windows 11&apos;, os.arch: &apos;amd64&apos;, os.version: &apos;10.0&apos;, java.version: &apos;19.0.1&apos;
Driver info: org.openqa.selenium.chrome.ChromeDriver
Capabilities {acceptInsecureCerts: false, browserName: chrome, browserVersion: 117.0.5938.92, chrome: {chromedriverVersion: 117.0.5938.88 (be6afae47212..., userDataDir: C:\Users\91728\AppData\Loca...}, fedcm:accounts: true, goog:chromeOptions: {debuggerAddress: localhost:55546}, javascriptEnabled: true, networkConnectionEnabled: false, pageLoadStrategy: normal, platform: WINDOWS, platformName: WINDOWS, proxy: Proxy(), setWindowRect: true, strictFileInteractability: false, timeouts: {implicit: 0, pageLoad: 300000, script: 30000}, unhandledPromptBehavior: dismiss and notify, webauthn:extension:credBlob: true, webauthn:extension:largeBlob: true, webauthn:extension:minPinLength: true, webauthn:extension:prf: true, webauthn:virtualAuthenticators: true}
Session ID: 8368338e1a7468766ed27a87a4d02f52
*** Element info: {Using=css selector, value=input#button-confirm}
	at org.openqa.selenium.remote.http.W3CHttpResponseCodec.decode(W3CHttpResponseCodec.java:120)
	at org.openqa.selenium.remote.http.W3CHttpResponseCodec.decode(W3CHttpResponseCodec.java:49)
	at org.openqa.selenium.remote.HttpCommandExecutor.execute(HttpCommandExecutor.java:158)
	at org.openqa.selenium.remote.service.DriverCommandExecutor.execute(DriverCommandExecutor.java:83)
	at org.openqa.selenium.remote.RemoteWebDriver.execute(RemoteWebDriver.java:552)
	at org.openqa.selenium.remote.RemoteWebDriver.findElement(RemoteWebDriver.java:323)
	at org.openqa.selenium.remote.RemoteWebDriver.findElementByCssSelector(RemoteWebDriver.java:420)
	at org.openqa.selenium.By$ByCssSelector.findElement(By.java:431)
	at org.openqa.selenium.remote.RemoteWebDriver.findElement(RemoteWebDriver.java:315)
	at Page_Objects.Order_placement_page.getConfirmBtn(Order_placement_page.java:96)
	at Opencart_Test.Order_placement.CheckingOutProduct(Order_placement.java:138)
	at java.base/java.util.ArrayList.forEach(ArrayList.java:1511)
... Removed 25 stack frames</div></td></tr></table><p class="totop"><a href="#summary">back to summary</a></p>
<h3 id="m38">Opencart_Test.Order_placement#AddToCart</h3><table class="result"><tr><th class="invisible"/></tr></table><p class="totop"><a href="#summary">back to summary</a></p>
</body>
</html>
